17-Apr-2025 15:22:51.935 INFO [main] org.apache.catalina.startup.VersionLoggerListener.log Server version name:   Apache Tomcat/10.1.39
17-Apr-2025 15:22:51.950 INFO [main] org.apache.catalina.startup.VersionLoggerListener.log Server built:          Mar 4 2025 19:02:32 UTC
17-Apr-2025 15:22:51.950 INFO [main] org.apache.catalina.startup.VersionLoggerListener.log Server version number: 10.1.39.0
17-Apr-2025 15:22:51.950 INFO [main] org.apache.catalina.startup.VersionLoggerListener.log OS Name:               Windows 10
17-Apr-2025 15:22:51.950 INFO [main] org.apache.catalina.startup.VersionLoggerListener.log OS Version:            10.0
17-Apr-2025 15:22:51.950 INFO [main] org.apache.catalina.startup.VersionLoggerListener.log Architecture:          amd64
17-Apr-2025 15:22:51.950 INFO [main] org.apache.catalina.startup.VersionLoggerListener.log Java Home:             C:\Program Files\Java\jdk-23
17-Apr-2025 15:22:51.950 INFO [main] org.apache.catalina.startup.VersionLoggerListener.log JVM Version:           23.0.1+11-39
17-Apr-2025 15:22:51.950 INFO [main] org.apache.catalina.startup.VersionLoggerListener.log JVM Vendor:            Oracle Corporation
17-Apr-2025 15:22:51.950 INFO [main] org.apache.catalina.startup.VersionLoggerListener.log CATALINA_BASE:         C:\Users\Utku\Desktop\some-java\currencyConverter1\apache-tomcat-10.1.39
17-Apr-2025 15:22:51.950 INFO [main] org.apache.catalina.startup.VersionLoggerListener.log CATALINA_HOME:         C:\Users\Utku\Desktop\some-java\currencyConverter1\apache-tomcat-10.1.39
17-Apr-2025 15:22:51.974 INFO [main] org.apache.catalina.startup.VersionLoggerListener.log Command line argument: -Djava.util.logging.config.file=C:/Users/Utku/Desktop/some-java/currencyConverter1/apache-tomcat-10.1.39/conf/logging.properties
17-Apr-2025 15:22:51.974 INFO [main] org.apache.catalina.startup.VersionLoggerListener.log Command line argument: -Djava.util.logging.manager=org.apache.juli.ClassLoaderLogManager
17-Apr-2025 15:22:51.974 INFO [main] org.apache.catalina.startup.VersionLoggerListener.log Command line argument: -Djdk.tls.ephemeralDHKeySize=2048
17-Apr-2025 15:22:51.974 INFO [main] org.apache.catalina.startup.VersionLoggerListener.log Command line argument: -Djava.protocol.handler.pkgs=org.apache.catalina.webresources
17-Apr-2025 15:22:51.974 INFO [main] org.apache.catalina.startup.VersionLoggerListener.log Command line argument: -Dsun.io.useCanonCaches=false
17-Apr-2025 15:22:51.974 INFO [main] org.apache.catalina.startup.VersionLoggerListener.log Command line argument: -Dorg.apache.catalina.security.SecurityListener.UMASK=0027
17-Apr-2025 15:22:51.974 INFO [main] org.apache.catalina.startup.VersionLoggerListener.log Command line argument: --add-opens=java.base/java.lang=ALL-UNNAMED
17-Apr-2025 15:22:51.974 INFO [main] org.apache.catalina.startup.VersionLoggerListener.log Command line argument: --add-opens=java.base/java.lang.reflect=ALL-UNNAMED
17-Apr-2025 15:22:51.974 INFO [main] org.apache.catalina.startup.VersionLoggerListener.log Command line argument: --add-opens=java.base/java.io=ALL-UNNAMED
17-Apr-2025 15:22:51.974 INFO [main] org.apache.catalina.startup.VersionLoggerListener.log Command line argument: --add-opens=java.base/java.util=ALL-UNNAMED
17-Apr-2025 15:22:51.974 INFO [main] org.apache.catalina.startup.VersionLoggerListener.log Command line argument: --add-opens=java.base/java.util.concurrent=ALL-UNNAMED
17-Apr-2025 15:22:51.974 INFO [main] org.apache.catalina.startup.VersionLoggerListener.log Command line argument: --add-opens=java.rmi/sun.rmi.transport=ALL-UNNAMED
17-Apr-2025 15:22:51.974 INFO [main] org.apache.catalina.startup.VersionLoggerListener.log Command line argument: -Dcatalina.base=C:/Users/Utku/Desktop/some-java/currencyConverter1/apache-tomcat-10.1.39
17-Apr-2025 15:22:51.974 INFO [main] org.apache.catalina.startup.VersionLoggerListener.log Command line argument: -Dcatalina.home=C:/Users/Utku/Desktop/some-java/currencyConverter1/apache-tomcat-10.1.39
17-Apr-2025 15:22:51.974 INFO [main] org.apache.catalina.startup.VersionLoggerListener.log Command line argument: -Djava.io.tmpdir=C:/Users/Utku/Desktop/some-java/currencyConverter1/apache-tomcat-10.1.39/temp
17-Apr-2025 15:22:51.974 INFO [main] org.apache.catalina.core.AprLifecycleListener.lifecycleEvent Loaded Apache Tomcat Native library [2.0.8] using APR version [1.7.4].
17-Apr-2025 15:22:51.989 INFO [main] org.apache.catalina.core.AprLifecycleListener.initializeSSL OpenSSL successfully initialized [OpenSSL 3.0.14 4 Jun 2024]
17-Apr-2025 15:22:52.672 INFO [main] org.apache.coyote.AbstractProtocol.init Initializing ProtocolHandler ["http-nio-8080"]
17-Apr-2025 15:22:52.719 INFO [main] org.apache.catalina.startup.Catalina.load Server initialization in [1252] milliseconds
17-Apr-2025 15:22:52.844 INFO [main] org.apache.catalina.core.StandardService.startInternal Starting service [Catalina]
17-Apr-2025 15:22:52.844 INFO [main] org.apache.catalina.core.StandardEngine.startInternal Starting Servlet engine: [Apache Tomcat/10.1.39]
17-Apr-2025 15:22:52.875 INFO [main] org.apache.catalina.startup.HostConfig.deployWAR Deploying web application archive [C:\Users\Utku\Desktop\some-java\currencyConverter1\apache-tomcat-10.1.39\webapps\currencyConverter-0.0.1-SNAPSHOT.war]
17-Apr-2025 15:22:55.699 INFO [main] org.apache.jasper.servlet.TldScanner.scanJars At least one JAR was scanned for TLDs yet contained no TLDs. Enable debug logging for this logger for a complete list of JARs that were scanned but no TLDs were found in them. Skipping unneeded JARs during scanning can improve startup time and JSP compilation time.
17-Apr-2025 15:22:55.921 INFO [main] org.apache.catalina.startup.HostConfig.deployWAR Deployment of web application archive [C:\Users\Utku\Desktop\some-java\currencyConverter1\apache-tomcat-10.1.39\webapps\currencyConverter-0.0.1-SNAPSHOT.war] has finished in [3,046] ms
17-Apr-2025 15:22:55.921 INFO [main] org.apache.catalina.startup.HostConfig.deployWAR Deploying web application archive [C:\Users\Utku\Desktop\some-java\currencyConverter1\apache-tomcat-10.1.39\webapps\myapp2.war]
17-Apr-2025 15:22:55.921 INFO [main] org.apache.catalina.startup.ExpandWar.expand An expanded directory [C:\Users\Utku\Desktop\some-java\currencyConverter1\apache-tomcat-10.1.39\webapps\myapp2] was found with a last modified time that did not match the associated WAR. It will be deleted.
17-Apr-2025 15:22:59.346 INFO [main] org.apache.jasper.servlet.TldScanner.scanJars At least one JAR was scanned for TLDs yet contained no TLDs. Enable debug logging for this logger for a complete list of JARs that were scanned but no TLDs were found in them. Skipping unneeded JARs during scanning can improve startup time and JSP compilation time.
17-Apr-2025 15:22:59.960 INFO [main] org.apache.catalina.startup.HostConfig.deployWAR Deployment of web application archive [C:\Users\Utku\Desktop\some-java\currencyConverter1\apache-tomcat-10.1.39\webapps\myapp2.war] has finished in [4,039] ms
17-Apr-2025 15:22:59.960 INFO [main] org.apache.catalina.startup.HostConfig.deployDirectory Deploying web application directory [C:\Users\Utku\Desktop\some-java\currencyConverter1\apache-tomcat-10.1.39\webapps\docs]
17-Apr-2025 15:23:00.022 INFO [main] org.apache.catalina.startup.HostConfig.deployDirectory Deployment of web application directory [C:\Users\Utku\Desktop\some-java\currencyConverter1\apache-tomcat-10.1.39\webapps\docs] has finished in [62] ms
17-Apr-2025 15:23:00.022 INFO [main] org.apache.catalina.startup.HostConfig.deployDirectory Deploying web application directory [C:\Users\Utku\Desktop\some-java\currencyConverter1\apache-tomcat-10.1.39\webapps\examples]
17-Apr-2025 15:23:00.511 INFO [main] org.apache.catalina.startup.HostConfig.deployDirectory Deployment of web application directory [C:\Users\Utku\Desktop\some-java\currencyConverter1\apache-tomcat-10.1.39\webapps\examples] has finished in [489] ms
17-Apr-2025 15:23:00.511 INFO [main] org.apache.catalina.startup.HostConfig.deployDirectory Deploying web application directory [C:\Users\Utku\Desktop\some-java\currencyConverter1\apache-tomcat-10.1.39\webapps\host-manager]
17-Apr-2025 15:23:00.558 INFO [main] org.apache.catalina.startup.HostConfig.deployDirectory Deployment of web application directory [C:\Users\Utku\Desktop\some-java\currencyConverter1\apache-tomcat-10.1.39\webapps\host-manager] has finished in [47] ms
17-Apr-2025 15:23:00.558 INFO [main] org.apache.catalina.startup.HostConfig.deployDirectory Deploying web application directory [C:\Users\Utku\Desktop\some-java\currencyConverter1\apache-tomcat-10.1.39\webapps\manager]
17-Apr-2025 15:23:00.605 INFO [main] org.apache.catalina.startup.HostConfig.deployDirectory Deployment of web application directory [C:\Users\Utku\Desktop\some-java\currencyConverter1\apache-tomcat-10.1.39\webapps\manager] has finished in [47] ms
17-Apr-2025 15:23:00.605 INFO [main] org.apache.catalina.startup.HostConfig.deployDirectory Deploying web application directory [C:\Users\Utku\Desktop\some-java\currencyConverter1\apache-tomcat-10.1.39\webapps\ROOT]
17-Apr-2025 15:23:00.652 INFO [main] org.apache.catalina.startup.HostConfig.deployDirectory Deployment of web application directory [C:\Users\Utku\Desktop\some-java\currencyConverter1\apache-tomcat-10.1.39\webapps\ROOT] has finished in [47] ms
17-Apr-2025 15:23:00.652 INFO [main] org.apache.coyote.AbstractProtocol.start Starting ProtocolHandler ["http-nio-8080"]
17-Apr-2025 15:23:00.699 INFO [main] org.apache.catalina.startup.Catalina.start Server startup in [7959] milliseconds
17-Apr-2025 15:23:30.715 INFO [Catalina-utility-2] org.apache.catalina.startup.HostConfig.undeploy Undeploying context [/myapp2]
17-Apr-2025 15:23:30.887 INFO [Catalina-utility-2] org.apache.catalina.startup.HostConfig.deployWAR Deploying web application archive [C:\Users\Utku\Desktop\some-java\currencyConverter1\apache-tomcat-10.1.39\webapps\myapp2.war]
17-Apr-2025 15:23:34.521 INFO [Catalina-utility-2] org.apache.jasper.servlet.TldScanner.scanJars At least one JAR was scanned for TLDs yet contained no TLDs. Enable debug logging for this logger for a complete list of JARs that were scanned but no TLDs were found in them. Skipping unneeded JARs during scanning can improve startup time and JSP compilation time.
17-Apr-2025 15:23:34.974 INFO [Catalina-utility-2] org.apache.catalina.startup.HostConfig.deployWAR Deployment of web application archive [C:\Users\Utku\Desktop\some-java\currencyConverter1\apache-tomcat-10.1.39\webapps\myapp2.war] has finished in [4,087] ms
