13-Apr-2025 00:01:14.899 INFO [Catalina-utility-2] org.apache.catalina.startup.HostConfig.undeploy Undeploying context [/myapp2]
13-Apr-2025 00:01:14.939 INFO [Catalina-utility-2] org.apache.catalina.startup.HostConfig.deployWAR Deploying web application archive [C:\Users\Utku\Desktop\apache-tomcat-10.1.39\webapps\myapp2.war]
13-Apr-2025 00:01:16.454 INFO [Catalina-utility-2] org.apache.jasper.servlet.TldScanner.scanJars At least one JAR was scanned for TLDs yet contained no TLDs. Enable debug logging for this logger for a complete list of JARs that were scanned but no TLDs were found in them. Skipping unneeded JARs during scanning can improve startup time and JSP compilation time.
13-Apr-2025 00:01:16.692 INFO [Catalina-utility-2] org.apache.catalina.startup.HostConfig.deployWAR Deployment of web application archive [C:\Users\Utku\Desktop\apache-tomcat-10.1.39\webapps\myapp2.war] has finished in [1,752] ms
13-Apr-2025 00:01:44.665 INFO [main] org.apache.catalina.core.StandardServer.await A valid shutdown command was received via the shutdown port. Stopping the Server instance.
13-Apr-2025 00:01:44.666 INFO [main] org.apache.coyote.AbstractProtocol.pause Pausing ProtocolHandler ["http-nio-8080"]
13-Apr-2025 00:01:44.675 INFO [main] org.apache.catalina.core.StandardService.stopInternal Stopping service [Catalina]
13-Apr-2025 00:01:44.703 INFO [main] org.apache.coyote.AbstractProtocol.stop Stopping ProtocolHandler ["http-nio-8080"]
13-Apr-2025 00:01:44.707 INFO [main] org.apache.coyote.AbstractProtocol.destroy Destroying ProtocolHandler ["http-nio-8080"]
13-Apr-2025 00:01:46.131 INFO [main] org.apache.catalina.startup.VersionLoggerListener.log Server version name:   Apache Tomcat/10.1.39
13-Apr-2025 00:01:46.136 INFO [main] org.apache.catalina.startup.VersionLoggerListener.log Server built:          Mar 4 2025 19:02:32 UTC
13-Apr-2025 00:01:46.136 INFO [main] org.apache.catalina.startup.VersionLoggerListener.log Server version number: 10.1.39.0
13-Apr-2025 00:01:46.137 INFO [main] org.apache.catalina.startup.VersionLoggerListener.log OS Name:               Windows 10
13-Apr-2025 00:01:46.137 INFO [main] org.apache.catalina.startup.VersionLoggerListener.log OS Version:            10.0
13-Apr-2025 00:01:46.137 INFO [main] org.apache.catalina.startup.VersionLoggerListener.log Architecture:          amd64
13-Apr-2025 00:01:46.137 INFO [main] org.apache.catalina.startup.VersionLoggerListener.log Java Home:             C:\Program Files\Java\jdk-23
13-Apr-2025 00:01:46.137 INFO [main] org.apache.catalina.startup.VersionLoggerListener.log JVM Version:           23.0.1+11-39
13-Apr-2025 00:01:46.137 INFO [main] org.apache.catalina.startup.VersionLoggerListener.log JVM Vendor:            Oracle Corporation
13-Apr-2025 00:01:46.137 INFO [main] org.apache.catalina.startup.VersionLoggerListener.log CATALINA_BASE:         C:\Users\Utku\Desktop\apache-tomcat-10.1.39
13-Apr-2025 00:01:46.138 INFO [main] org.apache.catalina.startup.VersionLoggerListener.log CATALINA_HOME:         C:\Users\Utku\Desktop\apache-tomcat-10.1.39
13-Apr-2025 00:01:46.149 INFO [main] org.apache.catalina.startup.VersionLoggerListener.log Command line argument: -Djava.util.logging.config.file=C:/Users/Utku/Desktop/apache-tomcat-10.1.39/conf/logging.properties
13-Apr-2025 00:01:46.149 INFO [main] org.apache.catalina.startup.VersionLoggerListener.log Command line argument: -Djava.util.logging.manager=org.apache.juli.ClassLoaderLogManager
13-Apr-2025 00:01:46.150 INFO [main] org.apache.catalina.startup.VersionLoggerListener.log Command line argument: -Djdk.tls.ephemeralDHKeySize=2048
13-Apr-2025 00:01:46.150 INFO [main] org.apache.catalina.startup.VersionLoggerListener.log Command line argument: -Djava.protocol.handler.pkgs=org.apache.catalina.webresources
13-Apr-2025 00:01:46.150 INFO [main] org.apache.catalina.startup.VersionLoggerListener.log Command line argument: -Dsun.io.useCanonCaches=false
13-Apr-2025 00:01:46.150 INFO [main] org.apache.catalina.startup.VersionLoggerListener.log Command line argument: -Dorg.apache.catalina.security.SecurityListener.UMASK=0027
13-Apr-2025 00:01:46.150 INFO [main] org.apache.catalina.startup.VersionLoggerListener.log Command line argument: --add-opens=java.base/java.lang=ALL-UNNAMED
13-Apr-2025 00:01:46.150 INFO [main] org.apache.catalina.startup.VersionLoggerListener.log Command line argument: --add-opens=java.base/java.lang.reflect=ALL-UNNAMED
13-Apr-2025 00:01:46.150 INFO [main] org.apache.catalina.startup.VersionLoggerListener.log Command line argument: --add-opens=java.base/java.io=ALL-UNNAMED
13-Apr-2025 00:01:46.150 INFO [main] org.apache.catalina.startup.VersionLoggerListener.log Command line argument: --add-opens=java.base/java.util=ALL-UNNAMED
13-Apr-2025 00:01:46.150 INFO [main] org.apache.catalina.startup.VersionLoggerListener.log Command line argument: --add-opens=java.base/java.util.concurrent=ALL-UNNAMED
13-Apr-2025 00:01:46.150 INFO [main] org.apache.catalina.startup.VersionLoggerListener.log Command line argument: --add-opens=java.rmi/sun.rmi.transport=ALL-UNNAMED
13-Apr-2025 00:01:46.151 INFO [main] org.apache.catalina.startup.VersionLoggerListener.log Command line argument: -Dcatalina.base=C:/Users/Utku/Desktop/apache-tomcat-10.1.39
13-Apr-2025 00:01:46.151 INFO [main] org.apache.catalina.startup.VersionLoggerListener.log Command line argument: -Dcatalina.home=C:/Users/Utku/Desktop/apache-tomcat-10.1.39
13-Apr-2025 00:01:46.151 INFO [main] org.apache.catalina.startup.VersionLoggerListener.log Command line argument: -Djava.io.tmpdir=C:/Users/Utku/Desktop/apache-tomcat-10.1.39/temp
13-Apr-2025 00:01:46.154 INFO [main] org.apache.catalina.core.AprLifecycleListener.lifecycleEvent Loaded Apache Tomcat Native library [2.0.8] using APR version [1.7.4].
13-Apr-2025 00:01:46.158 INFO [main] org.apache.catalina.core.AprLifecycleListener.initializeSSL OpenSSL successfully initialized [OpenSSL 3.0.14 4 Jun 2024]
13-Apr-2025 00:01:46.482 INFO [main] org.apache.coyote.AbstractProtocol.init Initializing ProtocolHandler ["http-nio-8080"]
13-Apr-2025 00:01:46.508 INFO [main] org.apache.catalina.startup.Catalina.load Server initialization in [589] milliseconds
13-Apr-2025 00:01:46.569 INFO [main] org.apache.catalina.core.StandardService.startInternal Starting service [Catalina]
13-Apr-2025 00:01:46.569 INFO [main] org.apache.catalina.core.StandardEngine.startInternal Starting Servlet engine: [Apache Tomcat/10.1.39]
13-Apr-2025 00:01:46.593 INFO [main] org.apache.catalina.startup.HostConfig.deployWAR Deploying web application archive [C:\Users\Utku\Desktop\apache-tomcat-10.1.39\webapps\currencyConverter-0.0.1-SNAPSHOT.war]
13-Apr-2025 00:01:48.178 INFO [main] org.apache.jasper.servlet.TldScanner.scanJars At least one JAR was scanned for TLDs yet contained no TLDs. Enable debug logging for this logger for a complete list of JARs that were scanned but no TLDs were found in them. Skipping unneeded JARs during scanning can improve startup time and JSP compilation time.
13-Apr-2025 00:01:48.313 INFO [main] org.apache.catalina.startup.HostConfig.deployWAR Deployment of web application archive [C:\Users\Utku\Desktop\apache-tomcat-10.1.39\webapps\currencyConverter-0.0.1-SNAPSHOT.war] has finished in [1,719] ms
13-Apr-2025 00:01:48.314 INFO [main] org.apache.catalina.startup.HostConfig.deployWAR Deploying web application archive [C:\Users\Utku\Desktop\apache-tomcat-10.1.39\webapps\myapp2.war]
13-Apr-2025 00:01:49.683 INFO [main] org.apache.jasper.servlet.TldScanner.scanJars At least one JAR was scanned for TLDs yet contained no TLDs. Enable debug logging for this logger for a complete list of JARs that were scanned but no TLDs were found in them. Skipping unneeded JARs during scanning can improve startup time and JSP compilation time.
13-Apr-2025 00:01:49.952 INFO [main] org.apache.catalina.startup.HostConfig.deployWAR Deployment of web application archive [C:\Users\Utku\Desktop\apache-tomcat-10.1.39\webapps\myapp2.war] has finished in [1,638] ms
13-Apr-2025 00:01:49.953 INFO [main] org.apache.catalina.startup.HostConfig.deployDirectory Deploying web application directory [C:\Users\Utku\Desktop\apache-tomcat-10.1.39\webapps\docs]
13-Apr-2025 00:01:49.986 INFO [main] org.apache.catalina.startup.HostConfig.deployDirectory Deployment of web application directory [C:\Users\Utku\Desktop\apache-tomcat-10.1.39\webapps\docs] has finished in [32] ms
13-Apr-2025 00:01:49.986 INFO [main] org.apache.catalina.startup.HostConfig.deployDirectory Deploying web application directory [C:\Users\Utku\Desktop\apache-tomcat-10.1.39\webapps\examples]
13-Apr-2025 00:01:50.334 INFO [main] org.apache.catalina.startup.HostConfig.deployDirectory Deployment of web application directory [C:\Users\Utku\Desktop\apache-tomcat-10.1.39\webapps\examples] has finished in [347] ms
13-Apr-2025 00:01:50.334 INFO [main] org.apache.catalina.startup.HostConfig.deployDirectory Deploying web application directory [C:\Users\Utku\Desktop\apache-tomcat-10.1.39\webapps\host-manager]
13-Apr-2025 00:01:50.371 INFO [main] org.apache.catalina.startup.HostConfig.deployDirectory Deployment of web application directory [C:\Users\Utku\Desktop\apache-tomcat-10.1.39\webapps\host-manager] has finished in [37] ms
13-Apr-2025 00:01:50.371 INFO [main] org.apache.catalina.startup.HostConfig.deployDirectory Deploying web application directory [C:\Users\Utku\Desktop\apache-tomcat-10.1.39\webapps\manager]
13-Apr-2025 00:01:50.403 INFO [main] org.apache.catalina.startup.HostConfig.deployDirectory Deployment of web application directory [C:\Users\Utku\Desktop\apache-tomcat-10.1.39\webapps\manager] has finished in [32] ms
13-Apr-2025 00:01:50.404 INFO [main] org.apache.catalina.startup.HostConfig.deployDirectory Deploying web application directory [C:\Users\Utku\Desktop\apache-tomcat-10.1.39\webapps\ROOT]
13-Apr-2025 00:01:50.430 INFO [main] org.apache.catalina.startup.HostConfig.deployDirectory Deployment of web application directory [C:\Users\Utku\Desktop\apache-tomcat-10.1.39\webapps\ROOT] has finished in [26] ms
13-Apr-2025 00:01:50.435 INFO [main] org.apache.coyote.AbstractProtocol.start Starting ProtocolHandler ["http-nio-8080"]
13-Apr-2025 00:01:50.461 INFO [main] org.apache.catalina.startup.Catalina.start Server startup in [3950] milliseconds
13-Apr-2025 00:02:40.504 INFO [Catalina-utility-2] org.apache.catalina.startup.HostConfig.undeploy Undeploying context [/myapp2]
13-Apr-2025 00:02:40.553 INFO [Catalina-utility-2] org.apache.catalina.startup.HostConfig.deployWAR Deploying web application archive [C:\Users\Utku\Desktop\apache-tomcat-10.1.39\webapps\myapp2.war]
13-Apr-2025 00:02:42.251 INFO [Catalina-utility-2] org.apache.jasper.servlet.TldScanner.scanJars At least one JAR was scanned for TLDs yet contained no TLDs. Enable debug logging for this logger for a complete list of JARs that were scanned but no TLDs were found in them. Skipping unneeded JARs during scanning can improve startup time and JSP compilation time.
13-Apr-2025 00:02:42.491 INFO [Catalina-utility-2] org.apache.catalina.startup.HostConfig.deployWAR Deployment of web application archive [C:\Users\Utku\Desktop\apache-tomcat-10.1.39\webapps\myapp2.war] has finished in [1,937] ms
13-Apr-2025 00:05:02.662 INFO [Catalina-utility-2] org.apache.catalina.startup.HostConfig.undeploy Undeploying context [/myapp2]
13-Apr-2025 00:05:02.705 INFO [Catalina-utility-2] org.apache.catalina.startup.HostConfig.deployWAR Deploying web application archive [C:\Users\Utku\Desktop\apache-tomcat-10.1.39\webapps\myapp2.war]
13-Apr-2025 00:05:04.281 INFO [Catalina-utility-2] org.apache.jasper.servlet.TldScanner.scanJars At least one JAR was scanned for TLDs yet contained no TLDs. Enable debug logging for this logger for a complete list of JARs that were scanned but no TLDs were found in them. Skipping unneeded JARs during scanning can improve startup time and JSP compilation time.
13-Apr-2025 00:05:04.529 INFO [Catalina-utility-2] org.apache.catalina.startup.HostConfig.deployWAR Deployment of web application archive [C:\Users\Utku\Desktop\apache-tomcat-10.1.39\webapps\myapp2.war] has finished in [1,824] ms
13-Apr-2025 00:05:12.409 INFO [main] org.apache.catalina.core.StandardServer.await A valid shutdown command was received via the shutdown port. Stopping the Server instance.
13-Apr-2025 00:05:12.409 INFO [main] org.apache.coyote.AbstractProtocol.pause Pausing ProtocolHandler ["http-nio-8080"]
13-Apr-2025 00:05:12.418 INFO [main] org.apache.catalina.core.StandardService.stopInternal Stopping service [Catalina]
13-Apr-2025 00:05:12.450 INFO [main] org.apache.coyote.AbstractProtocol.stop Stopping ProtocolHandler ["http-nio-8080"]
13-Apr-2025 00:05:12.460 INFO [main] org.apache.coyote.AbstractProtocol.destroy Destroying ProtocolHandler ["http-nio-8080"]
13-Apr-2025 00:05:13.897 INFO [main] org.apache.catalina.startup.VersionLoggerListener.log Server version name:   Apache Tomcat/10.1.39
13-Apr-2025 00:05:13.902 INFO [main] org.apache.catalina.startup.VersionLoggerListener.log Server built:          Mar 4 2025 19:02:32 UTC
13-Apr-2025 00:05:13.902 INFO [main] org.apache.catalina.startup.VersionLoggerListener.log Server version number: 10.1.39.0
13-Apr-2025 00:05:13.902 INFO [main] org.apache.catalina.startup.VersionLoggerListener.log OS Name:               Windows 10
13-Apr-2025 00:05:13.902 INFO [main] org.apache.catalina.startup.VersionLoggerListener.log OS Version:            10.0
13-Apr-2025 00:05:13.902 INFO [main] org.apache.catalina.startup.VersionLoggerListener.log Architecture:          amd64
13-Apr-2025 00:05:13.902 INFO [main] org.apache.catalina.startup.VersionLoggerListener.log Java Home:             C:\Program Files\Java\jdk-23
13-Apr-2025 00:05:13.902 INFO [main] org.apache.catalina.startup.VersionLoggerListener.log JVM Version:           23.0.1+11-39
13-Apr-2025 00:05:13.902 INFO [main] org.apache.catalina.startup.VersionLoggerListener.log JVM Vendor:            Oracle Corporation
13-Apr-2025 00:05:13.903 INFO [main] org.apache.catalina.startup.VersionLoggerListener.log CATALINA_BASE:         C:\Users\Utku\Desktop\apache-tomcat-10.1.39
13-Apr-2025 00:05:13.903 INFO [main] org.apache.catalina.startup.VersionLoggerListener.log CATALINA_HOME:         C:\Users\Utku\Desktop\apache-tomcat-10.1.39
13-Apr-2025 00:05:13.915 INFO [main] org.apache.catalina.startup.VersionLoggerListener.log Command line argument: -Djava.util.logging.config.file=C:/Users/Utku/Desktop/apache-tomcat-10.1.39/conf/logging.properties
13-Apr-2025 00:05:13.916 INFO [main] org.apache.catalina.startup.VersionLoggerListener.log Command line argument: -Djava.util.logging.manager=org.apache.juli.ClassLoaderLogManager
13-Apr-2025 00:05:13.916 INFO [main] org.apache.catalina.startup.VersionLoggerListener.log Command line argument: -Djdk.tls.ephemeralDHKeySize=2048
13-Apr-2025 00:05:13.916 INFO [main] org.apache.catalina.startup.VersionLoggerListener.log Command line argument: -Djava.protocol.handler.pkgs=org.apache.catalina.webresources
13-Apr-2025 00:05:13.916 INFO [main] org.apache.catalina.startup.VersionLoggerListener.log Command line argument: -Dsun.io.useCanonCaches=false
13-Apr-2025 00:05:13.916 INFO [main] org.apache.catalina.startup.VersionLoggerListener.log Command line argument: -Dorg.apache.catalina.security.SecurityListener.UMASK=0027
13-Apr-2025 00:05:13.916 INFO [main] org.apache.catalina.startup.VersionLoggerListener.log Command line argument: --add-opens=java.base/java.lang=ALL-UNNAMED
13-Apr-2025 00:05:13.917 INFO [main] org.apache.catalina.startup.VersionLoggerListener.log Command line argument: --add-opens=java.base/java.lang.reflect=ALL-UNNAMED
13-Apr-2025 00:05:13.917 INFO [main] org.apache.catalina.startup.VersionLoggerListener.log Command line argument: --add-opens=java.base/java.io=ALL-UNNAMED
13-Apr-2025 00:05:13.917 INFO [main] org.apache.catalina.startup.VersionLoggerListener.log Command line argument: --add-opens=java.base/java.util=ALL-UNNAMED
13-Apr-2025 00:05:13.917 INFO [main] org.apache.catalina.startup.VersionLoggerListener.log Command line argument: --add-opens=java.base/java.util.concurrent=ALL-UNNAMED
13-Apr-2025 00:05:13.917 INFO [main] org.apache.catalina.startup.VersionLoggerListener.log Command line argument: --add-opens=java.rmi/sun.rmi.transport=ALL-UNNAMED
13-Apr-2025 00:05:13.918 INFO [main] org.apache.catalina.startup.VersionLoggerListener.log Command line argument: -Dcatalina.base=C:/Users/Utku/Desktop/apache-tomcat-10.1.39
13-Apr-2025 00:05:13.918 INFO [main] org.apache.catalina.startup.VersionLoggerListener.log Command line argument: -Dcatalina.home=C:/Users/Utku/Desktop/apache-tomcat-10.1.39
13-Apr-2025 00:05:13.918 INFO [main] org.apache.catalina.startup.VersionLoggerListener.log Command line argument: -Djava.io.tmpdir=C:/Users/Utku/Desktop/apache-tomcat-10.1.39/temp
13-Apr-2025 00:05:13.921 INFO [main] org.apache.catalina.core.AprLifecycleListener.lifecycleEvent Loaded Apache Tomcat Native library [2.0.8] using APR version [1.7.4].
13-Apr-2025 00:05:13.925 INFO [main] org.apache.catalina.core.AprLifecycleListener.initializeSSL OpenSSL successfully initialized [OpenSSL 3.0.14 4 Jun 2024]
13-Apr-2025 00:05:14.238 INFO [main] org.apache.coyote.AbstractProtocol.init Initializing ProtocolHandler ["http-nio-8080"]
13-Apr-2025 00:05:14.265 INFO [main] org.apache.catalina.startup.Catalina.load Server initialization in [578] milliseconds
13-Apr-2025 00:05:14.328 INFO [main] org.apache.catalina.core.StandardService.startInternal Starting service [Catalina]
13-Apr-2025 00:05:14.328 INFO [main] org.apache.catalina.core.StandardEngine.startInternal Starting Servlet engine: [Apache Tomcat/10.1.39]
13-Apr-2025 00:05:14.352 INFO [main] org.apache.catalina.startup.HostConfig.deployWAR Deploying web application archive [C:\Users\Utku\Desktop\apache-tomcat-10.1.39\webapps\currencyConverter-0.0.1-SNAPSHOT.war]
13-Apr-2025 00:05:15.894 INFO [main] org.apache.jasper.servlet.TldScanner.scanJars At least one JAR was scanned for TLDs yet contained no TLDs. Enable debug logging for this logger for a complete list of JARs that were scanned but no TLDs were found in them. Skipping unneeded JARs during scanning can improve startup time and JSP compilation time.
13-Apr-2025 00:05:16.032 INFO [main] org.apache.catalina.startup.HostConfig.deployWAR Deployment of web application archive [C:\Users\Utku\Desktop\apache-tomcat-10.1.39\webapps\currencyConverter-0.0.1-SNAPSHOT.war] has finished in [1,680] ms
13-Apr-2025 00:05:16.034 INFO [main] org.apache.catalina.startup.HostConfig.deployWAR Deploying web application archive [C:\Users\Utku\Desktop\apache-tomcat-10.1.39\webapps\myapp2.war]
13-Apr-2025 00:05:17.377 INFO [main] org.apache.jasper.servlet.TldScanner.scanJars At least one JAR was scanned for TLDs yet contained no TLDs. Enable debug logging for this logger for a complete list of JARs that were scanned but no TLDs were found in them. Skipping unneeded JARs during scanning can improve startup time and JSP compilation time.
13-Apr-2025 00:05:17.649 INFO [main] org.apache.catalina.startup.HostConfig.deployWAR Deployment of web application archive [C:\Users\Utku\Desktop\apache-tomcat-10.1.39\webapps\myapp2.war] has finished in [1,616] ms
13-Apr-2025 00:05:17.650 INFO [main] org.apache.catalina.startup.HostConfig.deployDirectory Deploying web application directory [C:\Users\Utku\Desktop\apache-tomcat-10.1.39\webapps\docs]
13-Apr-2025 00:05:17.682 INFO [main] org.apache.catalina.startup.HostConfig.deployDirectory Deployment of web application directory [C:\Users\Utku\Desktop\apache-tomcat-10.1.39\webapps\docs] has finished in [32] ms
13-Apr-2025 00:05:17.682 INFO [main] org.apache.catalina.startup.HostConfig.deployDirectory Deploying web application directory [C:\Users\Utku\Desktop\apache-tomcat-10.1.39\webapps\examples]
13-Apr-2025 00:05:18.031 INFO [main] org.apache.catalina.startup.HostConfig.deployDirectory Deployment of web application directory [C:\Users\Utku\Desktop\apache-tomcat-10.1.39\webapps\examples] has finished in [349] ms
13-Apr-2025 00:05:18.031 INFO [main] org.apache.catalina.startup.HostConfig.deployDirectory Deploying web application directory [C:\Users\Utku\Desktop\apache-tomcat-10.1.39\webapps\host-manager]
13-Apr-2025 00:05:18.069 INFO [main] org.apache.catalina.startup.HostConfig.deployDirectory Deployment of web application directory [C:\Users\Utku\Desktop\apache-tomcat-10.1.39\webapps\host-manager] has finished in [38] ms
13-Apr-2025 00:05:18.069 INFO [main] org.apache.catalina.startup.HostConfig.deployDirectory Deploying web application directory [C:\Users\Utku\Desktop\apache-tomcat-10.1.39\webapps\manager]
13-Apr-2025 00:05:18.102 INFO [main] org.apache.catalina.startup.HostConfig.deployDirectory Deployment of web application directory [C:\Users\Utku\Desktop\apache-tomcat-10.1.39\webapps\manager] has finished in [32] ms
13-Apr-2025 00:05:18.102 INFO [main] org.apache.catalina.startup.HostConfig.deployDirectory Deploying web application directory [C:\Users\Utku\Desktop\apache-tomcat-10.1.39\webapps\ROOT]
13-Apr-2025 00:05:18.126 INFO [main] org.apache.catalina.startup.HostConfig.deployDirectory Deployment of web application directory [C:\Users\Utku\Desktop\apache-tomcat-10.1.39\webapps\ROOT] has finished in [23] ms
13-Apr-2025 00:05:18.132 INFO [main] org.apache.coyote.AbstractProtocol.start Starting ProtocolHandler ["http-nio-8080"]
13-Apr-2025 00:05:18.160 INFO [main] org.apache.catalina.startup.Catalina.start Server startup in [3894] milliseconds
13-Apr-2025 00:06:58.246 INFO [Catalina-utility-2] org.apache.catalina.startup.HostConfig.undeploy Undeploying context [/myapp2]
13-Apr-2025 00:06:58.305 INFO [Catalina-utility-2] org.apache.catalina.startup.HostConfig.deployWAR Deploying web application archive [C:\Users\Utku\Desktop\apache-tomcat-10.1.39\webapps\myapp2.war]
13-Apr-2025 00:07:00.066 INFO [Catalina-utility-2] org.apache.jasper.servlet.TldScanner.scanJars At least one JAR was scanned for TLDs yet contained no TLDs. Enable debug logging for this logger for a complete list of JARs that were scanned but no TLDs were found in them. Skipping unneeded JARs during scanning can improve startup time and JSP compilation time.
13-Apr-2025 00:07:00.301 INFO [Catalina-utility-2] org.apache.catalina.startup.HostConfig.deployWAR Deployment of web application archive [C:\Users\Utku\Desktop\apache-tomcat-10.1.39\webapps\myapp2.war] has finished in [1,997] ms
13-Apr-2025 15:58:28.305 INFO [main] org.apache.catalina.startup.VersionLoggerListener.log Server version name:   Apache Tomcat/10.1.39
13-Apr-2025 15:58:28.315 INFO [main] org.apache.catalina.startup.VersionLoggerListener.log Server built:          Mar 4 2025 19:02:32 UTC
13-Apr-2025 15:58:28.320 INFO [main] org.apache.catalina.startup.VersionLoggerListener.log Server version number: 10.1.39.0
13-Apr-2025 15:58:28.321 INFO [main] org.apache.catalina.startup.VersionLoggerListener.log OS Name:               Windows 10
13-Apr-2025 15:58:28.321 INFO [main] org.apache.catalina.startup.VersionLoggerListener.log OS Version:            10.0
13-Apr-2025 15:58:28.321 INFO [main] org.apache.catalina.startup.VersionLoggerListener.log Architecture:          amd64
13-Apr-2025 15:58:28.321 INFO [main] org.apache.catalina.startup.VersionLoggerListener.log Java Home:             C:\Program Files\Java\jdk-23
13-Apr-2025 15:58:28.321 INFO [main] org.apache.catalina.startup.VersionLoggerListener.log JVM Version:           23.0.1+11-39
13-Apr-2025 15:58:28.321 INFO [main] org.apache.catalina.startup.VersionLoggerListener.log JVM Vendor:            Oracle Corporation
13-Apr-2025 15:58:28.321 INFO [main] org.apache.catalina.startup.VersionLoggerListener.log CATALINA_BASE:         C:\Users\Utku\Desktop\apache-tomcat-10.1.39
13-Apr-2025 15:58:28.321 INFO [main] org.apache.catalina.startup.VersionLoggerListener.log CATALINA_HOME:         C:\Users\Utku\Desktop\apache-tomcat-10.1.39
13-Apr-2025 15:58:28.345 INFO [main] org.apache.catalina.startup.VersionLoggerListener.log Command line argument: -Djava.util.logging.config.file=C:/Users/Utku/Desktop/apache-tomcat-10.1.39/conf/logging.properties
13-Apr-2025 15:58:28.345 INFO [main] org.apache.catalina.startup.VersionLoggerListener.log Command line argument: -Djava.util.logging.manager=org.apache.juli.ClassLoaderLogManager
13-Apr-2025 15:58:28.345 INFO [main] org.apache.catalina.startup.VersionLoggerListener.log Command line argument: -Djdk.tls.ephemeralDHKeySize=2048
13-Apr-2025 15:58:28.345 INFO [main] org.apache.catalina.startup.VersionLoggerListener.log Command line argument: -Djava.protocol.handler.pkgs=org.apache.catalina.webresources
13-Apr-2025 15:58:28.345 INFO [main] org.apache.catalina.startup.VersionLoggerListener.log Command line argument: -Dsun.io.useCanonCaches=false
13-Apr-2025 15:58:28.345 INFO [main] org.apache.catalina.startup.VersionLoggerListener.log Command line argument: -Dorg.apache.catalina.security.SecurityListener.UMASK=0027
13-Apr-2025 15:58:28.345 INFO [main] org.apache.catalina.startup.VersionLoggerListener.log Command line argument: --add-opens=java.base/java.lang=ALL-UNNAMED
13-Apr-2025 15:58:28.345 INFO [main] org.apache.catalina.startup.VersionLoggerListener.log Command line argument: --add-opens=java.base/java.lang.reflect=ALL-UNNAMED
13-Apr-2025 15:58:28.345 INFO [main] org.apache.catalina.startup.VersionLoggerListener.log Command line argument: --add-opens=java.base/java.io=ALL-UNNAMED
13-Apr-2025 15:58:28.345 INFO [main] org.apache.catalina.startup.VersionLoggerListener.log Command line argument: --add-opens=java.base/java.util=ALL-UNNAMED
13-Apr-2025 15:58:28.345 INFO [main] org.apache.catalina.startup.VersionLoggerListener.log Command line argument: --add-opens=java.base/java.util.concurrent=ALL-UNNAMED
13-Apr-2025 15:58:28.345 INFO [main] org.apache.catalina.startup.VersionLoggerListener.log Command line argument: --add-opens=java.rmi/sun.rmi.transport=ALL-UNNAMED
13-Apr-2025 15:58:28.345 INFO [main] org.apache.catalina.startup.VersionLoggerListener.log Command line argument: -Dcatalina.base=C:/Users/Utku/Desktop/apache-tomcat-10.1.39
13-Apr-2025 15:58:28.345 INFO [main] org.apache.catalina.startup.VersionLoggerListener.log Command line argument: -Dcatalina.home=C:/Users/Utku/Desktop/apache-tomcat-10.1.39
13-Apr-2025 15:58:28.345 INFO [main] org.apache.catalina.startup.VersionLoggerListener.log Command line argument: -Djava.io.tmpdir=C:/Users/Utku/Desktop/apache-tomcat-10.1.39/temp
13-Apr-2025 15:58:28.355 INFO [main] org.apache.catalina.core.AprLifecycleListener.lifecycleEvent Loaded Apache Tomcat Native library [2.0.8] using APR version [1.7.4].
13-Apr-2025 15:58:28.380 INFO [main] org.apache.catalina.core.AprLifecycleListener.initializeSSL OpenSSL successfully initialized [OpenSSL 3.0.14 4 Jun 2024]
13-Apr-2025 15:58:28.945 INFO [main] org.apache.coyote.AbstractProtocol.init Initializing ProtocolHandler ["http-nio-8080"]
13-Apr-2025 15:58:28.985 INFO [main] org.apache.catalina.startup.Catalina.load Server initialization in [1445] milliseconds
13-Apr-2025 15:58:29.075 INFO [main] org.apache.catalina.core.StandardService.startInternal Starting service [Catalina]
13-Apr-2025 15:58:29.075 INFO [main] org.apache.catalina.core.StandardEngine.startInternal Starting Servlet engine: [Apache Tomcat/10.1.39]
13-Apr-2025 15:58:29.113 INFO [main] org.apache.catalina.startup.HostConfig.deployWAR Deploying web application archive [C:\Users\Utku\Desktop\apache-tomcat-10.1.39\webapps\currencyConverter-0.0.1-SNAPSHOT.war]
13-Apr-2025 15:58:31.666 INFO [main] org.apache.jasper.servlet.TldScanner.scanJars At least one JAR was scanned for TLDs yet contained no TLDs. Enable debug logging for this logger for a complete list of JARs that were scanned but no TLDs were found in them. Skipping unneeded JARs during scanning can improve startup time and JSP compilation time.
13-Apr-2025 15:58:31.882 INFO [main] org.apache.catalina.startup.HostConfig.deployWAR Deployment of web application archive [C:\Users\Utku\Desktop\apache-tomcat-10.1.39\webapps\currencyConverter-0.0.1-SNAPSHOT.war] has finished in [2,769] ms
13-Apr-2025 15:58:31.882 INFO [main] org.apache.catalina.startup.HostConfig.deployWAR Deploying web application archive [C:\Users\Utku\Desktop\apache-tomcat-10.1.39\webapps\myapp2.war]
13-Apr-2025 15:58:34.625 INFO [main] org.apache.jasper.servlet.TldScanner.scanJars At least one JAR was scanned for TLDs yet contained no TLDs. Enable debug logging for this logger for a complete list of JARs that were scanned but no TLDs were found in them. Skipping unneeded JARs during scanning can improve startup time and JSP compilation time.
13-Apr-2025 15:58:35.115 INFO [main] org.apache.catalina.startup.HostConfig.deployWAR Deployment of web application archive [C:\Users\Utku\Desktop\apache-tomcat-10.1.39\webapps\myapp2.war] has finished in [3,233] ms
13-Apr-2025 15:58:35.115 INFO [main] org.apache.catalina.startup.HostConfig.deployDirectory Deploying web application directory [C:\Users\Utku\Desktop\apache-tomcat-10.1.39\webapps\docs]
13-Apr-2025 15:58:35.175 INFO [main] org.apache.catalina.startup.HostConfig.deployDirectory Deployment of web application directory [C:\Users\Utku\Desktop\apache-tomcat-10.1.39\webapps\docs] has finished in [60] ms
13-Apr-2025 15:58:35.175 INFO [main] org.apache.catalina.startup.HostConfig.deployDirectory Deploying web application directory [C:\Users\Utku\Desktop\apache-tomcat-10.1.39\webapps\examples]
13-Apr-2025 15:58:35.809 INFO [main] org.apache.catalina.startup.HostConfig.deployDirectory Deployment of web application directory [C:\Users\Utku\Desktop\apache-tomcat-10.1.39\webapps\examples] has finished in [634] ms
13-Apr-2025 15:58:35.809 INFO [main] org.apache.catalina.startup.HostConfig.deployDirectory Deploying web application directory [C:\Users\Utku\Desktop\apache-tomcat-10.1.39\webapps\host-manager]
13-Apr-2025 15:58:35.860 INFO [main] org.apache.catalina.startup.HostConfig.deployDirectory Deployment of web application directory [C:\Users\Utku\Desktop\apache-tomcat-10.1.39\webapps\host-manager] has finished in [51] ms
13-Apr-2025 15:58:35.865 INFO [main] org.apache.catalina.startup.HostConfig.deployDirectory Deploying web application directory [C:\Users\Utku\Desktop\apache-tomcat-10.1.39\webapps\manager]
13-Apr-2025 15:58:35.916 INFO [main] org.apache.catalina.startup.HostConfig.deployDirectory Deployment of web application directory [C:\Users\Utku\Desktop\apache-tomcat-10.1.39\webapps\manager] has finished in [51] ms
13-Apr-2025 15:58:35.920 INFO [main] org.apache.catalina.startup.HostConfig.deployDirectory Deploying web application directory [C:\Users\Utku\Desktop\apache-tomcat-10.1.39\webapps\ROOT]
13-Apr-2025 15:58:35.960 INFO [main] org.apache.catalina.startup.HostConfig.deployDirectory Deployment of web application directory [C:\Users\Utku\Desktop\apache-tomcat-10.1.39\webapps\ROOT] has finished in [40] ms
13-Apr-2025 15:58:35.970 INFO [main] org.apache.coyote.AbstractProtocol.start Starting ProtocolHandler ["http-nio-8080"]
13-Apr-2025 15:58:36.005 INFO [main] org.apache.catalina.startup.Catalina.start Server startup in [7019] milliseconds
13-Apr-2025 16:02:36.392 INFO [Catalina-utility-1] org.apache.catalina.startup.HostConfig.undeploy Undeploying context [/myapp2]
13-Apr-2025 16:02:36.591 INFO [Catalina-utility-1] org.apache.catalina.startup.HostConfig.deployWAR Deploying web application archive [C:\Users\Utku\Desktop\apache-tomcat-10.1.39\webapps\myapp2.war]
13-Apr-2025 16:02:40.266 INFO [Catalina-utility-1] org.apache.jasper.servlet.TldScanner.scanJars At least one JAR was scanned for TLDs yet contained no TLDs. Enable debug logging for this logger for a complete list of JARs that were scanned but no TLDs were found in them. Skipping unneeded JARs during scanning can improve startup time and JSP compilation time.
13-Apr-2025 16:02:40.841 INFO [Catalina-utility-1] org.apache.catalina.startup.HostConfig.deployWAR Deployment of web application archive [C:\Users\Utku\Desktop\apache-tomcat-10.1.39\webapps\myapp2.war] has finished in [4,254] ms
13-Apr-2025 16:03:40.926 INFO [Catalina-utility-1] org.apache.catalina.startup.HostConfig.undeploy Undeploying context [/myapp2]
13-Apr-2025 16:03:41.065 INFO [Catalina-utility-1] org.apache.catalina.startup.HostConfig.deployWAR Deploying web application archive [C:\Users\Utku\Desktop\apache-tomcat-10.1.39\webapps\myapp2.war]
13-Apr-2025 16:03:44.596 INFO [Catalina-utility-1] org.apache.jasper.servlet.TldScanner.scanJars At least one JAR was scanned for TLDs yet contained no TLDs. Enable debug logging for this logger for a complete list of JARs that were scanned but no TLDs were found in them. Skipping unneeded JARs during scanning can improve startup time and JSP compilation time.
13-Apr-2025 16:03:44.940 INFO [Catalina-utility-1] org.apache.catalina.startup.HostConfig.deployWAR Deployment of web application archive [C:\Users\Utku\Desktop\apache-tomcat-10.1.39\webapps\myapp2.war] has finished in [3,875] ms
13-Apr-2025 16:10:45.636 INFO [Catalina-utility-1] org.apache.catalina.startup.HostConfig.undeploy Undeploying context [/myapp2]
13-Apr-2025 16:10:45.784 INFO [Catalina-utility-1] org.apache.catalina.startup.HostConfig.deployWAR Deploying web application archive [C:\Users\Utku\Desktop\apache-tomcat-10.1.39\webapps\myapp2.war]
13-Apr-2025 16:10:49.082 INFO [Catalina-utility-1] org.apache.jasper.servlet.TldScanner.scanJars At least one JAR was scanned for TLDs yet contained no TLDs. Enable debug logging for this logger for a complete list of JARs that were scanned but no TLDs were found in them. Skipping unneeded JARs during scanning can improve startup time and JSP compilation time.
13-Apr-2025 16:10:49.461 INFO [Catalina-utility-1] org.apache.catalina.startup.HostConfig.deployWAR Deployment of web application archive [C:\Users\Utku\Desktop\apache-tomcat-10.1.39\webapps\myapp2.war] has finished in [3,677] ms
13-Apr-2025 16:13:29.733 INFO [Catalina-utility-1] org.apache.catalina.startup.HostConfig.undeploy Undeploying context [/myapp2]
13-Apr-2025 16:13:29.907 INFO [Catalina-utility-1] org.apache.catalina.startup.HostConfig.deployWAR Deploying web application archive [C:\Users\Utku\Desktop\apache-tomcat-10.1.39\webapps\myapp2.war]
13-Apr-2025 16:13:33.096 INFO [Catalina-utility-1] org.apache.jasper.servlet.TldScanner.scanJars At least one JAR was scanned for TLDs yet contained no TLDs. Enable debug logging for this logger for a complete list of JARs that were scanned but no TLDs were found in them. Skipping unneeded JARs during scanning can improve startup time and JSP compilation time.
13-Apr-2025 16:13:33.488 INFO [Catalina-utility-1] org.apache.catalina.startup.HostConfig.deployWAR Deployment of web application archive [C:\Users\Utku\Desktop\apache-tomcat-10.1.39\webapps\myapp2.war] has finished in [3,581] ms
13-Apr-2025 16:14:13.542 INFO [Catalina-utility-2] org.apache.catalina.startup.HostConfig.undeploy Undeploying context [/myapp2]
13-Apr-2025 16:14:13.668 INFO [Catalina-utility-2] org.apache.catalina.startup.HostConfig.deployWAR Deploying web application archive [C:\Users\Utku\Desktop\apache-tomcat-10.1.39\webapps\myapp2.war]
13-Apr-2025 16:14:16.725 INFO [Catalina-utility-2] org.apache.jasper.servlet.TldScanner.scanJars At least one JAR was scanned for TLDs yet contained no TLDs. Enable debug logging for this logger for a complete list of JARs that were scanned but no TLDs were found in them. Skipping unneeded JARs during scanning can improve startup time and JSP compilation time.
13-Apr-2025 16:14:17.051 INFO [Catalina-utility-2] org.apache.catalina.startup.HostConfig.deployWAR Deployment of web application archive [C:\Users\Utku\Desktop\apache-tomcat-10.1.39\webapps\myapp2.war] has finished in [3,384] ms
13-Apr-2025 16:18:37.439 INFO [Catalina-utility-2] org.apache.catalina.startup.HostConfig.undeploy Undeploying context [/myapp2]
13-Apr-2025 16:18:37.584 INFO [Catalina-utility-2] org.apache.catalina.startup.HostConfig.deployWAR Deploying web application archive [C:\Users\Utku\Desktop\apache-tomcat-10.1.39\webapps\myapp2.war]
13-Apr-2025 16:18:41.384 INFO [Catalina-utility-2] org.apache.jasper.servlet.TldScanner.scanJars At least one JAR was scanned for TLDs yet contained no TLDs. Enable debug logging for this logger for a complete list of JARs that were scanned but no TLDs were found in them. Skipping unneeded JARs during scanning can improve startup time and JSP compilation time.
13-Apr-2025 16:18:41.794 INFO [Catalina-utility-2] org.apache.catalina.startup.HostConfig.deployWAR Deployment of web application archive [C:\Users\Utku\Desktop\apache-tomcat-10.1.39\webapps\myapp2.war] has finished in [4,210] ms
13-Apr-2025 16:34:23.180 INFO [Catalina-utility-2] org.apache.catalina.startup.HostConfig.undeploy Undeploying context [/myapp2]
13-Apr-2025 16:34:23.375 INFO [Catalina-utility-2] org.apache.catalina.startup.HostConfig.deployWAR Deploying web application archive [C:\Users\Utku\Desktop\apache-tomcat-10.1.39\webapps\myapp2.war]
13-Apr-2025 16:34:27.085 INFO [Catalina-utility-2] org.apache.jasper.servlet.TldScanner.scanJars At least one JAR was scanned for TLDs yet contained no TLDs. Enable debug logging for this logger for a complete list of JARs that were scanned but no TLDs were found in them. Skipping unneeded JARs during scanning can improve startup time and JSP compilation time.
13-Apr-2025 16:34:27.465 INFO [Catalina-utility-2] org.apache.catalina.startup.HostConfig.deployWAR Deployment of web application archive [C:\Users\Utku\Desktop\apache-tomcat-10.1.39\webapps\myapp2.war] has finished in [4,090] ms
13-Apr-2025 16:35:27.545 INFO [Catalina-utility-1] org.apache.catalina.startup.HostConfig.undeploy Undeploying context [/myapp2]
13-Apr-2025 16:35:27.700 INFO [Catalina-utility-1] org.apache.catalina.startup.HostConfig.deployWAR Deploying web application archive [C:\Users\Utku\Desktop\apache-tomcat-10.1.39\webapps\myapp2.war]
13-Apr-2025 16:35:31.344 INFO [Catalina-utility-1] org.apache.jasper.servlet.TldScanner.scanJars At least one JAR was scanned for TLDs yet contained no TLDs. Enable debug logging for this logger for a complete list of JARs that were scanned but no TLDs were found in them. Skipping unneeded JARs during scanning can improve startup time and JSP compilation time.
13-Apr-2025 16:35:31.824 INFO [Catalina-utility-1] org.apache.catalina.startup.HostConfig.deployWAR Deployment of web application archive [C:\Users\Utku\Desktop\apache-tomcat-10.1.39\webapps\myapp2.war] has finished in [4,124] ms
13-Apr-2025 16:36:21.905 INFO [Catalina-utility-1] org.apache.catalina.startup.HostConfig.undeploy Undeploying context [/myapp2]
13-Apr-2025 16:36:22.045 INFO [Catalina-utility-1] org.apache.catalina.startup.HostConfig.deployWAR Deploying web application archive [C:\Users\Utku\Desktop\apache-tomcat-10.1.39\webapps\myapp2.war]
13-Apr-2025 16:36:25.755 INFO [Catalina-utility-1] org.apache.jasper.servlet.TldScanner.scanJars At least one JAR was scanned for TLDs yet contained no TLDs. Enable debug logging for this logger for a complete list of JARs that were scanned but no TLDs were found in them. Skipping unneeded JARs during scanning can improve startup time and JSP compilation time.
13-Apr-2025 16:36:26.166 INFO [Catalina-utility-1] org.apache.catalina.startup.HostConfig.deployWAR Deployment of web application archive [C:\Users\Utku\Desktop\apache-tomcat-10.1.39\webapps\myapp2.war] has finished in [4,121] ms
13-Apr-2025 16:37:36.269 INFO [Catalina-utility-2] org.apache.catalina.startup.HostConfig.undeploy Undeploying context [/myapp2]
13-Apr-2025 16:37:36.465 INFO [Catalina-utility-2] org.apache.catalina.startup.HostConfig.deployWAR Deploying web application archive [C:\Users\Utku\Desktop\apache-tomcat-10.1.39\webapps\myapp2.war]
13-Apr-2025 16:37:40.305 INFO [Catalina-utility-2] org.apache.jasper.servlet.TldScanner.scanJars At least one JAR was scanned for TLDs yet contained no TLDs. Enable debug logging for this logger for a complete list of JARs that were scanned but no TLDs were found in them. Skipping unneeded JARs during scanning can improve startup time and JSP compilation time.
13-Apr-2025 16:37:40.725 INFO [Catalina-utility-2] org.apache.catalina.startup.HostConfig.deployWAR Deployment of web application archive [C:\Users\Utku\Desktop\apache-tomcat-10.1.39\webapps\myapp2.war] has finished in [4,260] ms
13-Apr-2025 16:38:10.778 INFO [Catalina-utility-1] org.apache.catalina.startup.HostConfig.undeploy Undeploying context [/myapp2]
13-Apr-2025 16:38:10.925 INFO [Catalina-utility-1] org.apache.catalina.startup.HostConfig.deployWAR Deploying web application archive [C:\Users\Utku\Desktop\apache-tomcat-10.1.39\webapps\myapp2.war]
13-Apr-2025 16:38:14.475 INFO [Catalina-utility-1] org.apache.jasper.servlet.TldScanner.scanJars At least one JAR was scanned for TLDs yet contained no TLDs. Enable debug logging for this logger for a complete list of JARs that were scanned but no TLDs were found in them. Skipping unneeded JARs during scanning can improve startup time and JSP compilation time.
13-Apr-2025 16:38:14.955 INFO [Catalina-utility-1] org.apache.catalina.startup.HostConfig.deployWAR Deployment of web application archive [C:\Users\Utku\Desktop\apache-tomcat-10.1.39\webapps\myapp2.war] has finished in [4,030] ms
13-Apr-2025 16:40:55.176 INFO [Catalina-utility-2] org.apache.catalina.startup.HostConfig.undeploy Undeploying context [/myapp2]
13-Apr-2025 16:40:55.346 INFO [Catalina-utility-2] org.apache.catalina.startup.HostConfig.deployWAR Deploying web application archive [C:\Users\Utku\Desktop\apache-tomcat-10.1.39\webapps\myapp2.war]
13-Apr-2025 16:40:58.695 INFO [Catalina-utility-2] org.apache.jasper.servlet.TldScanner.scanJars At least one JAR was scanned for TLDs yet contained no TLDs. Enable debug logging for this logger for a complete list of JARs that were scanned but no TLDs were found in them. Skipping unneeded JARs during scanning can improve startup time and JSP compilation time.
13-Apr-2025 16:40:59.085 INFO [Catalina-utility-2] org.apache.catalina.startup.HostConfig.deployWAR Deployment of web application archive [C:\Users\Utku\Desktop\apache-tomcat-10.1.39\webapps\myapp2.war] has finished in [3,739] ms
13-Apr-2025 16:46:59.671 INFO [Catalina-utility-2] org.apache.catalina.startup.HostConfig.undeploy Undeploying context [/myapp2]
13-Apr-2025 16:46:59.866 INFO [Catalina-utility-2] org.apache.catalina.startup.HostConfig.deployWAR Deploying web application archive [C:\Users\Utku\Desktop\apache-tomcat-10.1.39\webapps\myapp2.war]
13-Apr-2025 16:47:04.745 INFO [Catalina-utility-2] org.apache.jasper.servlet.TldScanner.scanJars At least one JAR was scanned for TLDs yet contained no TLDs. Enable debug logging for this logger for a complete list of JARs that were scanned but no TLDs were found in them. Skipping unneeded JARs during scanning can improve startup time and JSP compilation time.
13-Apr-2025 16:47:05.386 INFO [Catalina-utility-2] org.apache.catalina.startup.HostConfig.deployWAR Deployment of web application archive [C:\Users\Utku\Desktop\apache-tomcat-10.1.39\webapps\myapp2.war] has finished in [5,520] ms
13-Apr-2025 17:17:59.544 INFO [Catalina-utility-2] org.apache.catalina.startup.HostConfig.undeploy Undeploying context [/myapp2]
13-Apr-2025 17:17:59.588 INFO [Catalina-utility-2] org.apache.catalina.startup.HostConfig.deployWAR Deploying web application archive [C:\Users\Utku\Desktop\apache-tomcat-10.1.39\webapps\myapp2.war]
13-Apr-2025 17:18:01.285 INFO [Catalina-utility-2] org.apache.jasper.servlet.TldScanner.scanJars At least one JAR was scanned for TLDs yet contained no TLDs. Enable debug logging for this logger for a complete list of JARs that were scanned but no TLDs were found in them. Skipping unneeded JARs during scanning can improve startup time and JSP compilation time.
13-Apr-2025 17:18:01.484 INFO [Catalina-utility-2] org.apache.catalina.startup.HostConfig.deployWAR Deployment of web application archive [C:\Users\Utku\Desktop\apache-tomcat-10.1.39\webapps\myapp2.war] has finished in [1,895] ms
13-Apr-2025 17:19:21.576 INFO [Catalina-utility-2] org.apache.catalina.startup.HostConfig.undeploy Undeploying context [/myapp2]
13-Apr-2025 17:19:21.643 INFO [Catalina-utility-2] org.apache.catalina.startup.HostConfig.deployWAR Deploying web application archive [C:\Users\Utku\Desktop\apache-tomcat-10.1.39\webapps\myapp2.war]
13-Apr-2025 17:19:23.319 INFO [Catalina-utility-2] org.apache.jasper.servlet.TldScanner.scanJars At least one JAR was scanned for TLDs yet contained no TLDs. Enable debug logging for this logger for a complete list of JARs that were scanned but no TLDs were found in them. Skipping unneeded JARs during scanning can improve startup time and JSP compilation time.
13-Apr-2025 17:19:23.540 INFO [Catalina-utility-2] org.apache.catalina.startup.HostConfig.deployWAR Deployment of web application archive [C:\Users\Utku\Desktop\apache-tomcat-10.1.39\webapps\myapp2.war] has finished in [1,897] ms
13-Apr-2025 17:22:13.724 INFO [Catalina-utility-1] org.apache.catalina.startup.HostConfig.undeploy Undeploying context [/myapp2]
13-Apr-2025 17:22:13.769 INFO [Catalina-utility-1] org.apache.catalina.startup.HostConfig.deployWAR Deploying web application archive [C:\Users\Utku\Desktop\apache-tomcat-10.1.39\webapps\myapp2.war]
13-Apr-2025 17:22:15.521 INFO [Catalina-utility-1] org.apache.jasper.servlet.TldScanner.scanJars At least one JAR was scanned for TLDs yet contained no TLDs. Enable debug logging for this logger for a complete list of JARs that were scanned but no TLDs were found in them. Skipping unneeded JARs during scanning can improve startup time and JSP compilation time.
13-Apr-2025 17:22:15.720 INFO [Catalina-utility-1] org.apache.catalina.startup.HostConfig.deployWAR Deployment of web application archive [C:\Users\Utku\Desktop\apache-tomcat-10.1.39\webapps\myapp2.war] has finished in [1,951] ms
13-Apr-2025 17:23:45.819 INFO [Catalina-utility-1] org.apache.catalina.startup.HostConfig.undeploy Undeploying context [/myapp2]
13-Apr-2025 17:23:45.861 INFO [Catalina-utility-1] org.apache.catalina.startup.HostConfig.deployWAR Deploying web application archive [C:\Users\Utku\Desktop\apache-tomcat-10.1.39\webapps\myapp2.war]
13-Apr-2025 17:23:47.587 INFO [Catalina-utility-1] org.apache.jasper.servlet.TldScanner.scanJars At least one JAR was scanned for TLDs yet contained no TLDs. Enable debug logging for this logger for a complete list of JARs that were scanned but no TLDs were found in them. Skipping unneeded JARs during scanning can improve startup time and JSP compilation time.
13-Apr-2025 17:23:47.814 INFO [Catalina-utility-1] org.apache.catalina.startup.HostConfig.deployWAR Deployment of web application archive [C:\Users\Utku\Desktop\apache-tomcat-10.1.39\webapps\myapp2.war] has finished in [1,953] ms
13-Apr-2025 17:32:18.380 INFO [Catalina-utility-1] org.apache.catalina.startup.HostConfig.undeploy Undeploying context [/myapp2]
13-Apr-2025 17:32:18.479 INFO [Catalina-utility-1] org.apache.catalina.startup.HostConfig.deployWAR Deploying web application archive [C:\Users\Utku\Desktop\apache-tomcat-10.1.39\webapps\myapp2.war]
13-Apr-2025 17:32:20.325 INFO [Catalina-utility-1] org.apache.jasper.servlet.TldScanner.scanJars At least one JAR was scanned for TLDs yet contained no TLDs. Enable debug logging for this logger for a complete list of JARs that were scanned but no TLDs were found in them. Skipping unneeded JARs during scanning can improve startup time and JSP compilation time.
13-Apr-2025 17:32:20.551 INFO [Catalina-utility-1] org.apache.catalina.startup.HostConfig.deployWAR Deployment of web application archive [C:\Users\Utku\Desktop\apache-tomcat-10.1.39\webapps\myapp2.war] has finished in [2,079] ms
13-Apr-2025 17:36:00.789 INFO [Catalina-utility-2] org.apache.catalina.startup.HostConfig.undeploy Undeploying context [/myapp2]
13-Apr-2025 17:36:00.839 INFO [Catalina-utility-2] org.apache.catalina.startup.HostConfig.deployWAR Deploying web application archive [C:\Users\Utku\Desktop\apache-tomcat-10.1.39\webapps\myapp2.war]
13-Apr-2025 17:36:02.674 INFO [Catalina-utility-2] org.apache.jasper.servlet.TldScanner.scanJars At least one JAR was scanned for TLDs yet contained no TLDs. Enable debug logging for this logger for a complete list of JARs that were scanned but no TLDs were found in them. Skipping unneeded JARs during scanning can improve startup time and JSP compilation time.
13-Apr-2025 17:36:02.864 INFO [Catalina-utility-2] org.apache.catalina.startup.HostConfig.deployWAR Deployment of web application archive [C:\Users\Utku\Desktop\apache-tomcat-10.1.39\webapps\myapp2.war] has finished in [2,026] ms
13-Apr-2025 17:37:32.929 INFO [Catalina-utility-1] org.apache.catalina.startup.HostConfig.undeploy Undeploying context [/myapp2]
13-Apr-2025 17:37:32.994 INFO [Catalina-utility-1] org.apache.catalina.startup.HostConfig.deployWAR Deploying web application archive [C:\Users\Utku\Desktop\apache-tomcat-10.1.39\webapps\myapp2.war]
13-Apr-2025 17:37:35.018 INFO [Catalina-utility-1] org.apache.jasper.servlet.TldScanner.scanJars At least one JAR was scanned for TLDs yet contained no TLDs. Enable debug logging for this logger for a complete list of JARs that were scanned but no TLDs were found in them. Skipping unneeded JARs during scanning can improve startup time and JSP compilation time.
13-Apr-2025 17:37:35.204 INFO [Catalina-utility-1] org.apache.catalina.startup.HostConfig.deployWAR Deployment of web application archive [C:\Users\Utku\Desktop\apache-tomcat-10.1.39\webapps\myapp2.war] has finished in [2,210] ms
13-Apr-2025 18:09:27.407 INFO [Catalina-utility-2] org.apache.catalina.startup.HostConfig.undeploy Undeploying context [/myapp2]
13-Apr-2025 18:09:27.465 INFO [Catalina-utility-2] org.apache.catalina.startup.HostConfig.deployWAR Deploying web application archive [C:\Users\Utku\Desktop\apache-tomcat-10.1.39\webapps\myapp2.war]
13-Apr-2025 18:09:29.244 INFO [Catalina-utility-2] org.apache.jasper.servlet.TldScanner.scanJars At least one JAR was scanned for TLDs yet contained no TLDs. Enable debug logging for this logger for a complete list of JARs that were scanned but no TLDs were found in them. Skipping unneeded JARs during scanning can improve startup time and JSP compilation time.
13-Apr-2025 18:09:29.455 INFO [Catalina-utility-2] org.apache.catalina.startup.HostConfig.deployWAR Deployment of web application archive [C:\Users\Utku\Desktop\apache-tomcat-10.1.39\webapps\myapp2.war] has finished in [1,990] ms
13-Apr-2025 18:25:40.469 INFO [Catalina-utility-2] org.apache.catalina.startup.HostConfig.undeploy Undeploying context [/myapp2]
13-Apr-2025 18:25:40.522 INFO [Catalina-utility-2] org.apache.catalina.startup.HostConfig.deployWAR Deploying web application archive [C:\Users\Utku\Desktop\apache-tomcat-10.1.39\webapps\myapp2.war]
13-Apr-2025 18:25:42.269 INFO [Catalina-utility-2] org.apache.jasper.servlet.TldScanner.scanJars At least one JAR was scanned for TLDs yet contained no TLDs. Enable debug logging for this logger for a complete list of JARs that were scanned but no TLDs were found in them. Skipping unneeded JARs during scanning can improve startup time and JSP compilation time.
13-Apr-2025 18:25:42.576 INFO [Catalina-utility-2] org.apache.catalina.startup.HostConfig.deployWAR Deployment of web application archive [C:\Users\Utku\Desktop\apache-tomcat-10.1.39\webapps\myapp2.war] has finished in [2,053] ms
13-Apr-2025 18:45:44.865 INFO [Catalina-utility-2] org.apache.catalina.startup.HostConfig.undeploy Undeploying context [/myapp2]
13-Apr-2025 18:45:44.912 INFO [Catalina-utility-2] org.apache.catalina.startup.HostConfig.deployWAR Deploying web application archive [C:\Users\Utku\Desktop\apache-tomcat-10.1.39\webapps\myapp2.war]
13-Apr-2025 18:45:46.628 INFO [Catalina-utility-2] org.apache.jasper.servlet.TldScanner.scanJars At least one JAR was scanned for TLDs yet contained no TLDs. Enable debug logging for this logger for a complete list of JARs that were scanned but no TLDs were found in them. Skipping unneeded JARs during scanning can improve startup time and JSP compilation time.
13-Apr-2025 18:45:46.893 INFO [Catalina-utility-2] org.apache.catalina.startup.HostConfig.deployWAR Deployment of web application archive [C:\Users\Utku\Desktop\apache-tomcat-10.1.39\webapps\myapp2.war] has finished in [1,981] ms
13-Apr-2025 18:49:47.197 INFO [Catalina-utility-2] org.apache.catalina.startup.HostConfig.undeploy Undeploying context [/myapp2]
13-Apr-2025 18:49:47.248 INFO [Catalina-utility-2] org.apache.catalina.startup.HostConfig.deployWAR Deploying web application archive [C:\Users\Utku\Desktop\apache-tomcat-10.1.39\webapps\myapp2.war]
13-Apr-2025 18:49:48.987 INFO [Catalina-utility-2] org.apache.jasper.servlet.TldScanner.scanJars At least one JAR was scanned for TLDs yet contained no TLDs. Enable debug logging for this logger for a complete list of JARs that were scanned but no TLDs were found in them. Skipping unneeded JARs during scanning can improve startup time and JSP compilation time.
13-Apr-2025 18:49:49.247 INFO [Catalina-utility-2] org.apache.catalina.startup.HostConfig.deployWAR Deployment of web application archive [C:\Users\Utku\Desktop\apache-tomcat-10.1.39\webapps\myapp2.war] has finished in [1,999] ms
13-Apr-2025 18:50:49.310 INFO [Catalina-utility-2] org.apache.catalina.startup.HostConfig.undeploy Undeploying context [/myapp2]
13-Apr-2025 18:50:49.356 INFO [Catalina-utility-2] org.apache.catalina.startup.HostConfig.deployWAR Deploying web application archive [C:\Users\Utku\Desktop\apache-tomcat-10.1.39\webapps\myapp2.war]
13-Apr-2025 18:50:51.117 INFO [Catalina-utility-2] org.apache.jasper.servlet.TldScanner.scanJars At least one JAR was scanned for TLDs yet contained no TLDs. Enable debug logging for this logger for a complete list of JARs that were scanned but no TLDs were found in them. Skipping unneeded JARs during scanning can improve startup time and JSP compilation time.
13-Apr-2025 18:50:51.378 INFO [Catalina-utility-2] org.apache.catalina.startup.HostConfig.deployWAR Deployment of web application archive [C:\Users\Utku\Desktop\apache-tomcat-10.1.39\webapps\myapp2.war] has finished in [2,022] ms
13-Apr-2025 18:56:31.789 INFO [Catalina-utility-1] org.apache.catalina.startup.HostConfig.undeploy Undeploying context [/myapp2]
13-Apr-2025 18:56:31.837 INFO [Catalina-utility-1] org.apache.catalina.startup.HostConfig.deployWAR Deploying web application archive [C:\Users\Utku\Desktop\apache-tomcat-10.1.39\webapps\myapp2.war]
13-Apr-2025 18:56:33.666 INFO [Catalina-utility-1] org.apache.jasper.servlet.TldScanner.scanJars At least one JAR was scanned for TLDs yet contained no TLDs. Enable debug logging for this logger for a complete list of JARs that were scanned but no TLDs were found in them. Skipping unneeded JARs during scanning can improve startup time and JSP compilation time.
13-Apr-2025 18:56:33.914 INFO [Catalina-utility-1] org.apache.catalina.startup.HostConfig.deployWAR Deployment of web application archive [C:\Users\Utku\Desktop\apache-tomcat-10.1.39\webapps\myapp2.war] has finished in [2,077] ms
13-Apr-2025 18:57:54.014 INFO [Catalina-utility-2] org.apache.catalina.startup.HostConfig.undeploy Undeploying context [/myapp2]
13-Apr-2025 18:57:54.064 INFO [Catalina-utility-2] org.apache.catalina.startup.HostConfig.deployWAR Deploying web application archive [C:\Users\Utku\Desktop\apache-tomcat-10.1.39\webapps\myapp2.war]
13-Apr-2025 18:57:55.736 INFO [Catalina-utility-2] org.apache.jasper.servlet.TldScanner.scanJars At least one JAR was scanned for TLDs yet contained no TLDs. Enable debug logging for this logger for a complete list of JARs that were scanned but no TLDs were found in them. Skipping unneeded JARs during scanning can improve startup time and JSP compilation time.
13-Apr-2025 18:57:56.000 INFO [Catalina-utility-2] org.apache.catalina.startup.HostConfig.deployWAR Deployment of web application archive [C:\Users\Utku\Desktop\apache-tomcat-10.1.39\webapps\myapp2.war] has finished in [1,936] ms
